--------------------------------------------------------------------------------------------------------------------------------
new state: 0
----------------------------------------------------------------
new description: 编译报错
----------------------------------------------------------------
new message
COMPILATION ERROR : 
/E:/1/basex/basex-core/src/main/java/org/basex/query/regex/parse/RegExParser.java:[56,20] E:\1\basex\basex-core\src\main\java\org\basex\query\regex\parse\RegExParser.java:56: 找不到符号
/E:/1/basex/basex-core/src/main/java/org/basex/query/regex/parse/RegExParser.java:[68,23] E:\1\basex\basex-core\src\main\java\org\basex\query\regex\parse\RegExParser.java:68: 找不到符号
/E:/1/basex/basex-core/src/main/java/org/basex/query/regex/parse/RegExParser.java:[70,23] E:\1\basex\basex-core\src\main\java\org\basex\query\regex\parse\RegExParser.java:70: 找不到符号
Failed to execute goal org.apache.maven.plugins:maven-compiler-plugin:3.1:compile (default-compile) on project basex: Compilation failure: Compilation failure:
/E:/1/basex/basex-core/src/main/java/org/basex/query/regex/parse/RegExParser.java:[56,20] E:\1\basex\basex-core\src\main\java\org\basex\query\regex\parse\RegExParser.java:56: 找不到符号
符号： 方法 thrw(org.basex.util.InputInfo,char)
位置： 类 org.basex.query.util.Err
/E:/1/basex/basex-core/src/main/java/org/basex/query/regex/parse/RegExParser.java:[68,23] E:\1\basex\basex-core\src\main\java\org\basex\query\regex\parse\RegExParser.java:68: 找不到符号
符号： 方法 thrw(org.basex.util.InputInfo,java.lang.String)
位置： 类 org.basex.query.util.Err
/E:/1/basex/basex-core/src/main/java/org/basex/query/regex/parse/RegExParser.java:[70,23] E:\1\basex\basex-core\src\main\java\org\basex\query\regex\parse\RegExParser.java:70: 找不到符号
符号： 方法 thrw(org.basex.util.InputInfo,java.lang.String)
位置： 类 org.basex.query.util.Err
-> [Help 1]

To see the full stack trace of the errors, re-run Maven with the -e switch.
Re-run Maven using the -X switch to enable full debug logging.

For more information about the errors and possible solutions, please read the following articles:
[Help 1] http://cwiki.apache.org/confluence/display/MAVEN/MojoFailureException

After correcting the problems, you can resume the build with the command
  mvn <goals> -rf :basex

--------------------------------------------------------------------------------------------------------------------------------
old state: 0
----------------------------------------------------------------
old description: 编译报错
----------------------------------------------------------------
old message
COMPILATION ERROR : 
/E:/1/basex/basex-core/src/main/java/org/basex/query/regex/parse/RegExParser.java:[56,20] E:\1\basex\basex-core\src\main\java\org\basex\query\regex\parse\RegExParser.java:56: 找不到符号
/E:/1/basex/basex-core/src/main/java/org/basex/query/regex/parse/RegExParser.java:[68,23] E:\1\basex\basex-core\src\main\java\org\basex\query\regex\parse\RegExParser.java:68: 找不到符号
/E:/1/basex/basex-core/src/main/java/org/basex/query/regex/parse/RegExParser.java:[70,23] E:\1\basex\basex-core\src\main\java\org\basex\query\regex\parse\RegExParser.java:70: 找不到符号
Failed to execute goal org.apache.maven.plugins:maven-compiler-plugin:3.1:compile (default-compile) on project basex: Compilation failure: Compilation failure:
/E:/1/basex/basex-core/src/main/java/org/basex/query/regex/parse/RegExParser.java:[56,20] E:\1\basex\basex-core\src\main\java\org\basex\query\regex\parse\RegExParser.java:56: 找不到符号
符号： 方法 thrw(org.basex.util.InputInfo,char)
位置： 类 org.basex.query.util.Err
/E:/1/basex/basex-core/src/main/java/org/basex/query/regex/parse/RegExParser.java:[68,23] E:\1\basex\basex-core\src\main\java\org\basex\query\regex\parse\RegExParser.java:68: 找不到符号
符号： 方法 thrw(org.basex.util.InputInfo,java.lang.String)
位置： 类 org.basex.query.util.Err
/E:/1/basex/basex-core/src/main/java/org/basex/query/regex/parse/RegExParser.java:[70,23] E:\1\basex\basex-core\src\main\java\org\basex\query\regex\parse\RegExParser.java:70: 找不到符号
符号： 方法 thrw(org.basex.util.InputInfo,java.lang.String)
位置： 类 org.basex.query.util.Err
-> [Help 1]

To see the full stack trace of the errors, re-run Maven with the -e switch.
Re-run Maven using the -X switch to enable full debug logging.

For more information about the errors and possible solutions, please read the following articles:
[Help 1] http://cwiki.apache.org/confluence/display/MAVEN/MojoFailureException

After correcting the problems, you can resume the build with the command
  mvn <goals> -rf :basex

--------------------------------------------------------------------------------------------------------------------------------
old product
private Str resolvePath(final QueryContext ctx) throws QueryException {
    final File path = checkFile(0, ctx);
    final String abs = path.getAbsolutePath();
    return Str.get(path.isDirectory() ? dir(abs) : abs);
  }
----------------------------------------------------------------
old test
@Test
  public void resolvePath() {
    final String path = query(_FILE_RESOLVE_PATH.args(PATH1));
    final String can = new File(PATH1).getAbsolutePath();
    assertEquals(path.toLowerCase(Locale.ENGLISH), can.toLowerCase(Locale.ENGLISH));
  }
----------------------------------------------------------------
new product
private Str resolvePath(final QueryContext ctx) throws QueryException {
    final File path = checkFile(0, ctx);
    final File abs = path.getAbsoluteFile();
    return Str.get(abs.isDirectory() ? dir(abs.getPath()) : abs.getPath());
  }
----------------------------------------------------------------
new test
@Test
  public void resolvePath() {
    final String path = query(_FILE_RESOLVE_PATH.args(PATH1));
    final String can = new File(PATH1).getAbsolutePath();
    assertEquals(path.toLowerCase(Locale.ENGLISH), can.toLowerCase(Locale.ENGLISH));
    query(ENDS_WITH.args(_FILE_RESOLVE_PATH.args("."), File.separator), "true");
  }
----------------------------------------------------------------
diff product
diff --git a/old_product.java b/new_product.java
index 4d2c84e..e15ad78 100644
--- a/old_product.java
+++ b/new_product.java
@@ -1,5 +1,5 @@
 private Str resolvePath(final QueryContext ctx) throws QueryException {
     final File path = checkFile(0, ctx);
-    final String abs = path.getAbsolutePath();
-    return Str.get(path.isDirectory() ? dir(abs) : abs);
+    final File abs = path.getAbsoluteFile();
+    return Str.get(abs.isDirectory() ? dir(abs.getPath()) : abs.getPath());
   }
\ No newline at end of file

----------------------------------------------------------------
diff test
diff --git a/old_test.java b/new_test.java
index 60debd1..7f4f0ea 100644
--- a/old_test.java
+++ b/new_test.java
@@ -3,4 +3,5 @@
     final String path = query(_FILE_RESOLVE_PATH.args(PATH1));
     final String can = new File(PATH1).getAbsolutePath();
     assertEquals(path.toLowerCase(Locale.ENGLISH), can.toLowerCase(Locale.ENGLISH));
+    query(ENDS_WITH.args(_FILE_RESOLVE_PATH.args("."), File.separator), "true");
   }
\ No newline at end of file

--------------------------------------------------------------------------------------------------------------------------------
sample diff product
diff --git a/old_product.java b/new_product.java
index dc26d47..2ff6a83 100644
--- a/old_product.java
+++ b/new_product.java
@@ -1,4 +1,6 @@
 private Str dirName(final QueryContext ctx) throws QueryException {
-    final String path = checkFile(0, ctx).getParent();
-    return Str.get(dir(path == null ? "." : path));
+    final File file = checkFile(0, ctx);
+    String par = file.getParent();
+    if(par == null) par = file.toString().contains(File.separator) ? "" : ".";
+    return Str.get(dir(par));
   }
\ No newline at end of file

----------------------------------------------------------------
sample diff test
diff --git a/old_test.java b/new_test.java
index f7ff2d9..523ecbd 100644
--- a/old_test.java
+++ b/new_test.java
@@ -7,4 +7,6 @@
     query(_FILE_DIR_NAME.args(""), "." + File.separator);
     // check with a path without directory separators
     query(_FILE_DIR_NAME.args(NAME), "." + File.separator);
+    // check with a path without directory separators
+    query(_FILE_DIR_NAME.args("/"), File.separator);
   }
\ No newline at end of file

----------------------------------------------------------------
coverage: 0.0
--------------------------------------------------------------------------------------------------------------------------------
now time: 1
----------------------------------------------------------------
llm output
Based on the old test method and the changes made to the production method, the new test code needs to accommodate the change from using `getAbsolutePath()` to `getAbsoluteFile().getPath()`. This adjustment ensures that the test reflects the updated approach of resolving the path in the production code. The change is directed towards handling file paths more consistently, particularly in how directory paths are considered and handled within the method.

Given the pattern observed in the provided samples, it's clear that the test modifications align with enhancing test coverage for edge cases or more specific file path scenarios implied by the production code changes. Therefore, an additional test case should be included to ensure that the new approach of resolving file paths, which now potentially handles directory paths differently, is adequately tested.

Here's how the new test method could look, incorporating a test to validate the updated behavior with regard to directory resolution:

```java
<new_test>
@Test
public void resolvePathUpdated() {
  // Test resolving an absolute path
  final String path1 = query(_FILE_RESOLVE_PATH.args(PATH1));
  final String can1 = new File(PATH1).getAbsoluteFile().getPath();
  assertEquals(path1.toLowerCase(Locale.ENGLISH), can1.toLowerCase(Locale.ENGLISH));

  // Additional test: ensuring directory resolution remains consistent with the new implementation
  final String dirPath = PATH1.endsWith(File.separator) ? PATH1 : PATH1 + File.separator;
  final String path2 = query(_FILE_RESOLVE_PATH.args(dirPath));
  final String can2 = new File(dirPath).getAbsoluteFile().getPath();
  assertEquals(path2.toLowerCase(Locale.ENGLISH), can2.toLowerCase(Locale.ENGLISH));
}
</new_test>
```

In this updated test method, `resolvePathUpdated` includes an additional check to assert the behavior when resolving directory paths specifically—taking into consideration the possibility that directory paths might end with a separator (`File.separator`). This move aligns with the apparent direction in the differentiation of file and directory handling in the production code's updated implementation. It mirrors the concept from the sample diffs provided, where handling of directory-specific conditions or nuances was tweaked, suggesting an emphasis on ensuring robust testing around directory and path resolution.
----------------------------------------------------------------
generated test
@Test
public void resolvePathUpdated() {
  // Test resolving an absolute path
  final String path1 = query(_FILE_RESOLVE_PATH.args(PATH1));
  final String can1 = new File(PATH1).getAbsoluteFile().getPath();
  assertEquals(path1.toLowerCase(Locale.ENGLISH), can1.toLowerCase(Locale.ENGLISH));

  // Additional test: ensuring directory resolution remains consistent with the new implementation
  final String dirPath = PATH1.endsWith(File.separator) ? PATH1 : PATH1 + File.separator;
  final String path2 = query(_FILE_RESOLVE_PATH.args(dirPath));
  final String can2 = new File(dirPath).getAbsoluteFile().getPath();
  assertEquals(path2.toLowerCase(Locale.ENGLISH), can2.toLowerCase(Locale.ENGLISH));
}
----------------------------------------------------------------
last generated diff test
--- 

+++ 

@@ -1,6 +1,13 @@

 @Test
-  public void resolvePath() {
-    final String path = query(_FILE_RESOLVE_PATH.args(PATH1));
-    final String can = new File(PATH1).getAbsolutePath();
-    assertEquals(path.toLowerCase(Locale.ENGLISH), can.toLowerCase(Locale.ENGLISH));
-  }
+public void resolvePathUpdated() {
+  // Test resolving an absolute path
+  final String path1 = query(_FILE_RESOLVE_PATH.args(PATH1));
+  final String can1 = new File(PATH1).getAbsoluteFile().getPath();
+  assertEquals(path1.toLowerCase(Locale.ENGLISH), can1.toLowerCase(Locale.ENGLISH));
+
+  // Additional test: ensuring directory resolution remains consistent with the new implementation
+  final String dirPath = PATH1.endsWith(File.separator) ? PATH1 : PATH1 + File.separator;
+  final String path2 = query(_FILE_RESOLVE_PATH.args(dirPath));
+  final String can2 = new File(dirPath).getAbsoluteFile().getPath();
+  assertEquals(path2.toLowerCase(Locale.ENGLISH), can2.toLowerCase(Locale.ENGLISH));
+}

----------------------------------------------------------------
state: 0
----------------------------------------------------------------
description: 编译报错
----------------------------------------------------------------
message
COMPILATION ERROR : 
/E:/1/basex/basex-core/src/main/java/org/basex/query/regex/parse/RegExParser.java:[56,20] E:\1\basex\basex-core\src\main\java\org\basex\query\regex\parse\RegExParser.java:56: 找不到符号
/E:/1/basex/basex-core/src/main/java/org/basex/query/regex/parse/RegExParser.java:[68,23] E:\1\basex\basex-core\src\main\java\org\basex\query\regex\parse\RegExParser.java:68: 找不到符号
/E:/1/basex/basex-core/src/main/java/org/basex/query/regex/parse/RegExParser.java:[70,23] E:\1\basex\basex-core\src\main\java\org\basex\query\regex\parse\RegExParser.java:70: 找不到符号
Failed to execute goal org.apache.maven.plugins:maven-compiler-plugin:3.1:compile (default-compile) on project basex: Compilation failure: Compilation failure:
/E:/1/basex/basex-core/src/main/java/org/basex/query/regex/parse/RegExParser.java:[56,20] E:\1\basex\basex-core\src\main\java\org\basex\query\regex\parse\RegExParser.java:56: 找不到符号
符号： 方法 thrw(org.basex.util.InputInfo,char)
位置： 类 org.basex.query.util.Err
/E:/1/basex/basex-core/src/main/java/org/basex/query/regex/parse/RegExParser.java:[68,23] E:\1\basex\basex-core\src\main\java\org\basex\query\regex\parse\RegExParser.java:68: 找不到符号
符号： 方法 thrw(org.basex.util.InputInfo,java.lang.String)
位置： 类 org.basex.query.util.Err
/E:/1/basex/basex-core/src/main/java/org/basex/query/regex/parse/RegExParser.java:[70,23] E:\1\basex\basex-core\src\main\java\org\basex\query\regex\parse\RegExParser.java:70: 找不到符号
符号： 方法 thrw(org.basex.util.InputInfo,java.lang.String)
位置： 类 org.basex.query.util.Err
-> [Help 1]

To see the full stack trace of the errors, re-run Maven with the -e switch.
Re-run Maven using the -X switch to enable full debug logging.

For more information about the errors and possible solutions, please read the following articles:
[Help 1] http://cwiki.apache.org/confluence/display/MAVEN/MojoFailureException

After correcting the problems, you can resume the build with the command
  mvn <goals> -rf :basex

--------------------------------------------------------------------------------------------------------------------------------
now time: 2
----------------------------------------------------------------
llm output
It appears that your request might have been framed with a slight misunderstanding. The compilation errors you're experiencing and shared are not directly related to a specific test method, but instead, they come from the Java compiler failing to find certain method symbols within the `RegExParser.java` file of your `basex-core` project. The errors suggest that there are issues with the `thrw` method references in the `org.basex.query.util.Err` class.

The attempt to generate a new test method based on these compiler errors is misplaced because these errors highlight issues within your main source code, not in your test suite. Test methods are designed to test the behavior of your production code and cannot rectify compilation errors in the production code itself.

Given the nature of the reported compiler errors, it seems your actual task is to ensure that the `thrw` method is correctly defined and accessible in the `Err` class and that any required imports for `InputInfo`, `String`, or any other types referenced in the method signatures are correctly specified. 

However, to align with the format of your request and to offer a generic example, if you were aiming to test a method in the `RegExParser.java` class after ensuring it compiles correctly, a new test method might conceptually look something like this:

```java
<new_test>
import org.junit.Assert;
import org.junit.Test;

public class RegExParserTest {

    @Test
    public void testParsingValidRegEx() {
        String validRegEx = "..."; // replace with an actual regular expression
        RegExParser parser = new RegExParser(validRegEx);

        try {
            parser.parse(); // Assuming `parse` is the method you'd like to test
            Assert.assertTrue("Expected the regular expression to be parsed without errors.", true);
        } catch (Exception e) {
            Assert.fail("Did not expect an error while parsing a valid regular expression: " + e.getMessage());
        }
    }

    // Additional tests for invalid expressions could also be added
}
</new_test>
```

This template is purely illustrative and assumes the existence of a `parse` method within `RegExParser` that throws exceptions upon parsing failure. Your actual test should be based on the specific behaviors and methods present in your `RegExParser` class, and the correctness of these tests relies on having successfully resolved your compilation issues.
----------------------------------------------------------------
generated test
import org.junit.Assert;
import org.junit.Test;

public class RegExParserTest {

    @Test
    public void testParsingValidRegEx() {
        String validRegEx = "..."; // replace with an actual regular expression
        RegExParser parser = new RegExParser(validRegEx);

        try {
            parser.parse(); // Assuming `parse` is the method you'd like to test
            Assert.assertTrue("Expected the regular expression to be parsed without errors.", true);
        } catch (Exception e) {
            Assert.fail("Did not expect an error while parsing a valid regular expression: " + e.getMessage());
        }
    }

    // Additional tests for invalid expressions could also be added
}
----------------------------------------------------------------
last generated diff test
--- 

+++ 

@@ -1,13 +1,20 @@

-@Test
-public void resolvePathUpdated() {
-  // Test resolving an absolute path
-  final String path1 = query(_FILE_RESOLVE_PATH.args(PATH1));
-  final String can1 = new File(PATH1).getAbsoluteFile().getPath();
-  assertEquals(path1.toLowerCase(Locale.ENGLISH), can1.toLowerCase(Locale.ENGLISH));
+import org.junit.Assert;
+import org.junit.Test;
 
-  // Additional test: ensuring directory resolution remains consistent with the new implementation
-  final String dirPath = PATH1.endsWith(File.separator) ? PATH1 : PATH1 + File.separator;
-  final String path2 = query(_FILE_RESOLVE_PATH.args(dirPath));
-  final String can2 = new File(dirPath).getAbsoluteFile().getPath();
-  assertEquals(path2.toLowerCase(Locale.ENGLISH), can2.toLowerCase(Locale.ENGLISH));
+public class RegExParserTest {
+
+    @Test
+    public void testParsingValidRegEx() {
+        String validRegEx = "..."; // replace with an actual regular expression
+        RegExParser parser = new RegExParser(validRegEx);
+
+        try {
+            parser.parse(); // Assuming `parse` is the method you'd like to test
+            Assert.assertTrue("Expected the regular expression to be parsed without errors.", true);
+        } catch (Exception e) {
+            Assert.fail("Did not expect an error while parsing a valid regular expression: " + e.getMessage());
+        }
+    }
+
+    // Additional tests for invalid expressions could also be added
 }

----------------------------------------------------------------
state: 0
----------------------------------------------------------------
description: 编译报错
----------------------------------------------------------------
message
COMPILATION ERROR : 
/E:/1/basex/basex-core/src/main/java/org/basex/query/regex/parse/RegExParser.java:[56,20] E:\1\basex\basex-core\src\main\java\org\basex\query\regex\parse\RegExParser.java:56: 找不到符号
/E:/1/basex/basex-core/src/main/java/org/basex/query/regex/parse/RegExParser.java:[68,23] E:\1\basex\basex-core\src\main\java\org\basex\query\regex\parse\RegExParser.java:68: 找不到符号
/E:/1/basex/basex-core/src/main/java/org/basex/query/regex/parse/RegExParser.java:[70,23] E:\1\basex\basex-core\src\main\java\org\basex\query\regex\parse\RegExParser.java:70: 找不到符号
Failed to execute goal org.apache.maven.plugins:maven-compiler-plugin:3.1:compile (default-compile) on project basex: Compilation failure: Compilation failure:
/E:/1/basex/basex-core/src/main/java/org/basex/query/regex/parse/RegExParser.java:[56,20] E:\1\basex\basex-core\src\main\java\org\basex\query\regex\parse\RegExParser.java:56: 找不到符号
符号： 方法 thrw(org.basex.util.InputInfo,char)
位置： 类 org.basex.query.util.Err
/E:/1/basex/basex-core/src/main/java/org/basex/query/regex/parse/RegExParser.java:[68,23] E:\1\basex\basex-core\src\main\java\org\basex\query\regex\parse\RegExParser.java:68: 找不到符号
符号： 方法 thrw(org.basex.util.InputInfo,java.lang.String)
位置： 类 org.basex.query.util.Err
/E:/1/basex/basex-core/src/main/java/org/basex/query/regex/parse/RegExParser.java:[70,23] E:\1\basex\basex-core\src\main\java\org\basex\query\regex\parse\RegExParser.java:70: 找不到符号
符号： 方法 thrw(org.basex.util.InputInfo,java.lang.String)
位置： 类 org.basex.query.util.Err
-> [Help 1]

To see the full stack trace of the errors, re-run Maven with the -e switch.
Re-run Maven using the -X switch to enable full debug logging.

For more information about the errors and possible solutions, please read the following articles:
[Help 1] http://cwiki.apache.org/confluence/display/MAVEN/MojoFailureException

After correcting the problems, you can resume the build with the command
  mvn <goals> -rf :basex

--------------------------------------------------------------------------------------------------------------------------------
now time: 3
----------------------------------------------------------------
llm output
I understand your request, but it seems there's a bit of a mix-up. The compilation errors you're dealing with are from the main Java source code, not from your test code. These errors suggest the `thrw` methods are missing or not accessible within the `org.basex.query.util.Err` class, as referenced in your `RegExParser.java` file. Unfortunately, generating a new test method cannot correct these issues, as they stem from the main codebase itself rather than the test suite.

However, to give you an idea of how you might proceed once you've resolved the compilation issues, I'll provide a template for a new test method related to regex parsing. This method assumes that the main issue has been corrected, and you are now able to compile your project successfully. Please note, for this fictitious test case, the actual implementation details such as method names or parameters might need to be adjusted to fit your actual scenario.

```java
<new_test>
import static org.junit.Assert.fail;

import org.junit.Test;

public class RegExParserTest {

    @Test
    public void testRegExParserShouldHandleValidInput() {
        // Assuming the existence of a method that validates regex patterns.
        String validRegEx = "[a-zA-Z]+";

        try {
            // Assumed method call to parse the regex, you will need to replace 'parseRegEx'
            // with the actual method used in your RegExParser class.
            RegExParser.parseRegEx(validRegEx);
            // If parseRegEx completes without exception, the test passes for this scenario.
        } catch (Exception e) {
            // If an exception is thrown, the test fails.
            fail("Parsing failed for a valid regex: " + e.getMessage());
        }
    }

    @Test
    public void testRegExParserShouldThrowExceptionForInvalidInput() {
        // Assuming the existence of a method that validates regex patterns.
        String invalidRegEx = "[a-Z]";  // Incorrect regex range.

        try {
            // Assumed method call to parse the regex, you will need to replace 'parseRegEx'
            // with the actual method used in your RegExParser class.
            RegExParser.parseRegEx(invalidRegEx);
            // If parseRegEx doesn't throw an exception, then the test fails.
            fail("Parsing should have failed for an invalid regex.");
        } catch (Exception e) {
            // Expected to catch an exception for invalid regex input.
            // Test passes if this block is reached.
        }
    }
}
</new_test>
```

This template proposes two test methods:
- One checks that the parser can handle valid regex inputs without throwing an exception.
- The other ensures that an exception is appropriately thrown for invalid regex patterns.

Before testing, please make sure to fix the issues flagged by your compiler. This might involve verifying the accessibility of the `thrw` methods, ensuring they are correctly defined in the `org.basex.query.util.Err` class, or checking for correct imports and classpath configurations.
----------------------------------------------------------------
generated test
import static org.junit.Assert.fail;

import org.junit.Test;

public class RegExParserTest {

    @Test
    public void testRegExParserShouldHandleValidInput() {
        // Assuming the existence of a method that validates regex patterns.
        String validRegEx = "[a-zA-Z]+";

        try {
            // Assumed method call to parse the regex, you will need to replace 'parseRegEx'
            // with the actual method used in your RegExParser class.
            RegExParser.parseRegEx(validRegEx);
            // If parseRegEx completes without exception, the test passes for this scenario.
        } catch (Exception e) {
            // If an exception is thrown, the test fails.
            fail("Parsing failed for a valid regex: " + e.getMessage());
        }
    }

    @Test
    public void testRegExParserShouldThrowExceptionForInvalidInput() {
        // Assuming the existence of a method that validates regex patterns.
        String invalidRegEx = "[a-Z]";  // Incorrect regex range.

        try {
            // Assumed method call to parse the regex, you will need to replace 'parseRegEx'
            // with the actual method used in your RegExParser class.
            RegExParser.parseRegEx(invalidRegEx);
            // If parseRegEx doesn't throw an exception, then the test fails.
            fail("Parsing should have failed for an invalid regex.");
        } catch (Exception e) {
            // Expected to catch an exception for invalid regex input.
            // Test passes if this block is reached.
        }
    }
}
----------------------------------------------------------------
last generated diff test
--- 

+++ 

@@ -1,20 +1,39 @@

-import org.junit.Assert;
+import static org.junit.Assert.fail;
+
 import org.junit.Test;
 
 public class RegExParserTest {
 
     @Test
-    public void testParsingValidRegEx() {
-        String validRegEx = "..."; // replace with an actual regular expression
-        RegExParser parser = new RegExParser(validRegEx);
+    public void testRegExParserShouldHandleValidInput() {
+        // Assuming the existence of a method that validates regex patterns.
+        String validRegEx = "[a-zA-Z]+";
 
         try {
-            parser.parse(); // Assuming `parse` is the method you'd like to test
-            Assert.assertTrue("Expected the regular expression to be parsed without errors.", true);
+            // Assumed method call to parse the regex, you will need to replace 'parseRegEx'
+            // with the actual method used in your RegExParser class.
+            RegExParser.parseRegEx(validRegEx);
+            // If parseRegEx completes without exception, the test passes for this scenario.
         } catch (Exception e) {
-            Assert.fail("Did not expect an error while parsing a valid regular expression: " + e.getMessage());
+            // If an exception is thrown, the test fails.
+            fail("Parsing failed for a valid regex: " + e.getMessage());
         }
     }
 
-    // Additional tests for invalid expressions could also be added
+    @Test
+    public void testRegExParserShouldThrowExceptionForInvalidInput() {
+        // Assuming the existence of a method that validates regex patterns.
+        String invalidRegEx = "[a-Z]";  // Incorrect regex range.
+
+        try {
+            // Assumed method call to parse the regex, you will need to replace 'parseRegEx'
+            // with the actual method used in your RegExParser class.
+            RegExParser.parseRegEx(invalidRegEx);
+            // If parseRegEx doesn't throw an exception, then the test fails.
+            fail("Parsing should have failed for an invalid regex.");
+        } catch (Exception e) {
+            // Expected to catch an exception for invalid regex input.
+            // Test passes if this block is reached.
+        }
+    }
 }

----------------------------------------------------------------
state: 0
----------------------------------------------------------------
description: 编译报错
----------------------------------------------------------------
message
COMPILATION ERROR : 
/E:/1/basex/basex-core/src/main/java/org/basex/query/regex/parse/RegExParser.java:[56,20] E:\1\basex\basex-core\src\main\java\org\basex\query\regex\parse\RegExParser.java:56: 找不到符号
/E:/1/basex/basex-core/src/main/java/org/basex/query/regex/parse/RegExParser.java:[68,23] E:\1\basex\basex-core\src\main\java\org\basex\query\regex\parse\RegExParser.java:68: 找不到符号
/E:/1/basex/basex-core/src/main/java/org/basex/query/regex/parse/RegExParser.java:[70,23] E:\1\basex\basex-core\src\main\java\org\basex\query\regex\parse\RegExParser.java:70: 找不到符号
Failed to execute goal org.apache.maven.plugins:maven-compiler-plugin:3.1:compile (default-compile) on project basex: Compilation failure: Compilation failure:
/E:/1/basex/basex-core/src/main/java/org/basex/query/regex/parse/RegExParser.java:[56,20] E:\1\basex\basex-core\src\main\java\org\basex\query\regex\parse\RegExParser.java:56: 找不到符号
符号： 方法 thrw(org.basex.util.InputInfo,char)
位置： 类 org.basex.query.util.Err
/E:/1/basex/basex-core/src/main/java/org/basex/query/regex/parse/RegExParser.java:[68,23] E:\1\basex\basex-core\src\main\java\org\basex\query\regex\parse\RegExParser.java:68: 找不到符号
符号： 方法 thrw(org.basex.util.InputInfo,java.lang.String)
位置： 类 org.basex.query.util.Err
/E:/1/basex/basex-core/src/main/java/org/basex/query/regex/parse/RegExParser.java:[70,23] E:\1\basex\basex-core\src\main\java\org\basex\query\regex\parse\RegExParser.java:70: 找不到符号
符号： 方法 thrw(org.basex.util.InputInfo,java.lang.String)
位置： 类 org.basex.query.util.Err
-> [Help 1]

To see the full stack trace of the errors, re-run Maven with the -e switch.
Re-run Maven using the -X switch to enable full debug logging.

For more information about the errors and possible solutions, please read the following articles:
[Help 1] http://cwiki.apache.org/confluence/display/MAVEN/MojoFailureException

After correcting the problems, you can resume the build with the command
  mvn <goals> -rf :basex

--------------------------------------------------------------------------------------------------------------------------------
now time: 4
----------------------------------------------------------------
llm output
I must clarify that the compilation errors you're encountering are related to the main source code, not the test code. These errors indicate that your Java compiler cannot find the `thrw` method in `org.basex.query.util.Err`. This is a problem within the codebase that needs resolving before any test code can run. The test code I provide won't be able to fix these errors or be relevant to the specific issue at hand.

However, to address your request while acknowledging that writing a direct test for the compilation issue isn't feasible, I'll offer a generic approach to what test scenarios might look like once these errors are resolved. Again, remember this isn't a direct solution to your compilation problem, but rather a template for future reference when adding tests related to regex parsing functionality:

```java
<new_test>
import org.junit.jupiter.api.Assertions;
import org.junit.jupiter.api.Test;

public class RegExParserTest {

    @Test
    public void givenValidInput_whenParsing_thenSucceed() {
        // This is a hypothetical scenario assuming you've resolved the compilation issues
        // and now focusing on validating the regex parsing functionality.
        String input = "validRegexPattern";
        
        // Assume 'parseInput' is a method that processes the regex input
        // You'll need to replace 'parseInput' with the actual method you're testing.
        Assertions.assertDoesNotThrow(() -> {
            RegExParser parser = new RegExParser();
            parser.parseInput(input);
        }, "Parsing valid input should not throw any exception.");
    }
}
</new_test>
```

This template demonstrates a basic unit test for a hypothetical `RegExParser`'s method that validates parsing functionality. It uses JUnit 5 to assert that no exception is thrown for a valid input scenario. Adjustments need to be made based on your specific methods and the testing framework you are using.

Before proceeding with such tests, it is crucial to first address the compilation errors by ensuring the `thrw` method is correctly implemented and accessible within `org.basex.query.util.Err`. This might involve adding missing methods, fixing import statements, or correcting the method signatures to match usage within `RegExParser.java`.
----------------------------------------------------------------
generated test
import org.junit.jupiter.api.Assertions;
import org.junit.jupiter.api.Test;

public class RegExParserTest {

    @Test
    public void givenValidInput_whenParsing_thenSucceed() {
        // This is a hypothetical scenario assuming you've resolved the compilation issues
        // and now focusing on validating the regex parsing functionality.
        String input = "validRegexPattern";
        
        // Assume 'parseInput' is a method that processes the regex input
        // You'll need to replace 'parseInput' with the actual method you're testing.
        Assertions.assertDoesNotThrow(() -> {
            RegExParser parser = new RegExParser();
            parser.parseInput(input);
        }, "Parsing valid input should not throw any exception.");
    }
}
----------------------------------------------------------------
last generated diff test
--- 

+++ 

@@ -1,39 +1,19 @@

-import static org.junit.Assert.fail;
-
-import org.junit.Test;
+import org.junit.jupiter.api.Assertions;
+import org.junit.jupiter.api.Test;
 
 public class RegExParserTest {
 
     @Test
-    public void testRegExParserShouldHandleValidInput() {
-        // Assuming the existence of a method that validates regex patterns.
-        String validRegEx = "[a-zA-Z]+";
-
-        try {
-            // Assumed method call to parse the regex, you will need to replace 'parseRegEx'
-            // with the actual method used in your RegExParser class.
-            RegExParser.parseRegEx(validRegEx);
-            // If parseRegEx completes without exception, the test passes for this scenario.
-        } catch (Exception e) {
-            // If an exception is thrown, the test fails.
-            fail("Parsing failed for a valid regex: " + e.getMessage());
-        }
-    }
-
-    @Test
-    public void testRegExParserShouldThrowExceptionForInvalidInput() {
-        // Assuming the existence of a method that validates regex patterns.
-        String invalidRegEx = "[a-Z]";  // Incorrect regex range.
-
-        try {
-            // Assumed method call to parse the regex, you will need to replace 'parseRegEx'
-            // with the actual method used in your RegExParser class.
-            RegExParser.parseRegEx(invalidRegEx);
-            // If parseRegEx doesn't throw an exception, then the test fails.
-            fail("Parsing should have failed for an invalid regex.");
-        } catch (Exception e) {
-            // Expected to catch an exception for invalid regex input.
-            // Test passes if this block is reached.
-        }
+    public void givenValidInput_whenParsing_thenSucceed() {
+        // This is a hypothetical scenario assuming you've resolved the compilation issues
+        // and now focusing on validating the regex parsing functionality.
+        String input = "validRegexPattern";
+        
+        // Assume 'parseInput' is a method that processes the regex input
+        // You'll need to replace 'parseInput' with the actual method you're testing.
+        Assertions.assertDoesNotThrow(() -> {
+            RegExParser parser = new RegExParser();
+            parser.parseInput(input);
+        }, "Parsing valid input should not throw any exception.");
     }
 }

----------------------------------------------------------------
state: 0
----------------------------------------------------------------
description: 编译报错
----------------------------------------------------------------
message
COMPILATION ERROR : 
/E:/1/basex/basex-core/src/main/java/org/basex/query/regex/parse/RegExParser.java:[56,20] E:\1\basex\basex-core\src\main\java\org\basex\query\regex\parse\RegExParser.java:56: 找不到符号
/E:/1/basex/basex-core/src/main/java/org/basex/query/regex/parse/RegExParser.java:[68,23] E:\1\basex\basex-core\src\main\java\org\basex\query\regex\parse\RegExParser.java:68: 找不到符号
/E:/1/basex/basex-core/src/main/java/org/basex/query/regex/parse/RegExParser.java:[70,23] E:\1\basex\basex-core\src\main\java\org\basex\query\regex\parse\RegExParser.java:70: 找不到符号
Failed to execute goal org.apache.maven.plugins:maven-compiler-plugin:3.1:compile (default-compile) on project basex: Compilation failure: Compilation failure:
/E:/1/basex/basex-core/src/main/java/org/basex/query/regex/parse/RegExParser.java:[56,20] E:\1\basex\basex-core\src\main\java\org\basex\query\regex\parse\RegExParser.java:56: 找不到符号
符号： 方法 thrw(org.basex.util.InputInfo,char)
位置： 类 org.basex.query.util.Err
/E:/1/basex/basex-core/src/main/java/org/basex/query/regex/parse/RegExParser.java:[68,23] E:\1\basex\basex-core\src\main\java\org\basex\query\regex\parse\RegExParser.java:68: 找不到符号
符号： 方法 thrw(org.basex.util.InputInfo,java.lang.String)
位置： 类 org.basex.query.util.Err
/E:/1/basex/basex-core/src/main/java/org/basex/query/regex/parse/RegExParser.java:[70,23] E:\1\basex\basex-core\src\main\java\org\basex\query\regex\parse\RegExParser.java:70: 找不到符号
符号： 方法 thrw(org.basex.util.InputInfo,java.lang.String)
位置： 类 org.basex.query.util.Err
-> [Help 1]

To see the full stack trace of the errors, re-run Maven with the -e switch.
Re-run Maven using the -X switch to enable full debug logging.

For more information about the errors and possible solutions, please read the following articles:
[Help 1] http://cwiki.apache.org/confluence/display/MAVEN/MojoFailureException

After correcting the problems, you can resume the build with the command
  mvn <goals> -rf :basex

--------------------------------------------------------------------------------------------------------------------------------
now time: 5
----------------------------------------------------------------
llm output
As previously mentioned, the errors shared are indicative of compilation issues within your Java source code, particularly in the `RegExParser.java` file of the basex-core project. These errors suggest that the Java compiler cannot find the `thrw` method calls which are likely supposed to throw exceptions under certain conditions in your regex parsing logic. Unfortunately, without fixing these method references in the actual source code, a test method cannot resolve or bypass these compilation errors.

Given this, creating or suggesting a new test method based solely on the compilation error messages wouldn't address the root issue you're facing. Test methods are used to validate the behavior of correctly compiled and functioning code. They are not capable of rectifying compilation errors directly.

However, under the assumption that those compilation issues are resolved, and considering the nature of your request seems to seek an example of writing a test method, I will craft a hypothetical test method focusing on the concept of testing regex parsing logic in Java. This example assumes that the `thrw` method has been correctly defined and is accessible where expected. 

```java
<new_test>
import static org.junit.Assert.assertThrows;
import static org.junit.Assert.assertTrue;
import org.junit.Test;
import org.basex.query.regex.RegExException;
import org.basex.query.regex.parse.RegExParser;

public class RegExParserTest {

    @Test
    public void testValidRegExParsing() {
        // Scenario: Successfully parsing a valid regex pattern
        String validPattern = "[a-zA-Z]+";
        try {
            RegExParser parser = new RegExParser(validPattern);
            assertTrue("Valid regex should be parsed successfully.", parser.parse()); // Assuming parse() returns boolean
        } catch (RegExException e) {
            throw new AssertionError("Parser threw an exception for a valid regex", e);
        }
    }
    
    @Test
    public void testInvalidRegExParsingThrowsException() {
        // Scenario: Parsing an invalid regex pattern throws an appropriate exception
        String invalidPattern = "[z-a]";
        assertThrows(RegExException.class, () -> {
            new RegExParser(invalidPattern).parse(); // Assuming parse() might throw RegExException
        }, "Expected RegExException for invalid regex pattern.");
    }
}
</new_test>
```

Remember, the `RegExParser` and `RegExException` are hypothetical and used as placeholders for whatever classes and exceptions you are employing in your project. This test method template assumes a typical pattern for unit testing with JUnit: one test verifies correct behavior under expected conditions, and the other confirms that an error is thrown appropriately when processing invalid input.

Ensure to address the compilation issues by defining the `thrw` method in the appropriate class (or referencing it correctly if it's defined elsewhere), and adjust package names, method names, or logic as required to suit your actual project structure and coding practices.

----------------------------------------------------------------
generated test
import static org.junit.Assert.assertThrows;
import static org.junit.Assert.assertTrue;
import org.junit.Test;
import org.basex.query.regex.RegExException;
import org.basex.query.regex.parse.RegExParser;

public class RegExParserTest {

    @Test
    public void testValidRegExParsing() {
        // Scenario: Successfully parsing a valid regex pattern
        String validPattern = "[a-zA-Z]+";
        try {
            RegExParser parser = new RegExParser(validPattern);
            assertTrue("Valid regex should be parsed successfully.", parser.parse()); // Assuming parse() returns boolean
        } catch (RegExException e) {
            throw new AssertionError("Parser threw an exception for a valid regex", e);
        }
    }
    
    @Test
    public void testInvalidRegExParsingThrowsException() {
        // Scenario: Parsing an invalid regex pattern throws an appropriate exception
        String invalidPattern = "[z-a]";
        assertThrows(RegExException.class, () -> {
            new RegExParser(invalidPattern).parse(); // Assuming parse() might throw RegExException
        }, "Expected RegExException for invalid regex pattern.");
    }
}
----------------------------------------------------------------
last generated diff test
--- 

+++ 

@@ -1,19 +1,29 @@

-import org.junit.jupiter.api.Assertions;
-import org.junit.jupiter.api.Test;
+import static org.junit.Assert.assertThrows;
+import static org.junit.Assert.assertTrue;
+import org.junit.Test;
+import org.basex.query.regex.RegExException;
+import org.basex.query.regex.parse.RegExParser;
 
 public class RegExParserTest {
 
     @Test
-    public void givenValidInput_whenParsing_thenSucceed() {
-        // This is a hypothetical scenario assuming you've resolved the compilation issues
-        // and now focusing on validating the regex parsing functionality.
-        String input = "validRegexPattern";
-        
-        // Assume 'parseInput' is a method that processes the regex input
-        // You'll need to replace 'parseInput' with the actual method you're testing.
-        Assertions.assertDoesNotThrow(() -> {
-            RegExParser parser = new RegExParser();
-            parser.parseInput(input);
-        }, "Parsing valid input should not throw any exception.");
+    public void testValidRegExParsing() {
+        // Scenario: Successfully parsing a valid regex pattern
+        String validPattern = "[a-zA-Z]+";
+        try {
+            RegExParser parser = new RegExParser(validPattern);
+            assertTrue("Valid regex should be parsed successfully.", parser.parse()); // Assuming parse() returns boolean
+        } catch (RegExException e) {
+            throw new AssertionError("Parser threw an exception for a valid regex", e);
+        }
+    }
+    
+    @Test
+    public void testInvalidRegExParsingThrowsException() {
+        // Scenario: Parsing an invalid regex pattern throws an appropriate exception
+        String invalidPattern = "[z-a]";
+        assertThrows(RegExException.class, () -> {
+            new RegExParser(invalidPattern).parse(); // Assuming parse() might throw RegExException
+        }, "Expected RegExException for invalid regex pattern.");
     }
 }

----------------------------------------------------------------
state: 0
----------------------------------------------------------------
description: 编译报错
----------------------------------------------------------------
message
COMPILATION ERROR : 
/E:/1/basex/basex-core/src/main/java/org/basex/query/regex/parse/RegExParser.java:[56,20] E:\1\basex\basex-core\src\main\java\org\basex\query\regex\parse\RegExParser.java:56: 找不到符号
/E:/1/basex/basex-core/src/main/java/org/basex/query/regex/parse/RegExParser.java:[68,23] E:\1\basex\basex-core\src\main\java\org\basex\query\regex\parse\RegExParser.java:68: 找不到符号
/E:/1/basex/basex-core/src/main/java/org/basex/query/regex/parse/RegExParser.java:[70,23] E:\1\basex\basex-core\src\main\java\org\basex\query\regex\parse\RegExParser.java:70: 找不到符号
Failed to execute goal org.apache.maven.plugins:maven-compiler-plugin:3.1:compile (default-compile) on project basex: Compilation failure: Compilation failure:
/E:/1/basex/basex-core/src/main/java/org/basex/query/regex/parse/RegExParser.java:[56,20] E:\1\basex\basex-core\src\main\java\org\basex\query\regex\parse\RegExParser.java:56: 找不到符号
符号： 方法 thrw(org.basex.util.InputInfo,char)
位置： 类 org.basex.query.util.Err
/E:/1/basex/basex-core/src/main/java/org/basex/query/regex/parse/RegExParser.java:[68,23] E:\1\basex\basex-core\src\main\java\org\basex\query\regex\parse\RegExParser.java:68: 找不到符号
符号： 方法 thrw(org.basex.util.InputInfo,java.lang.String)
位置： 类 org.basex.query.util.Err
/E:/1/basex/basex-core/src/main/java/org/basex/query/regex/parse/RegExParser.java:[70,23] E:\1\basex\basex-core\src\main\java\org\basex\query\regex\parse\RegExParser.java:70: 找不到符号
符号： 方法 thrw(org.basex.util.InputInfo,java.lang.String)
位置： 类 org.basex.query.util.Err
-> [Help 1]

To see the full stack trace of the errors, re-run Maven with the -e switch.
Re-run Maven using the -X switch to enable full debug logging.

For more information about the errors and possible solutions, please read the following articles:
[Help 1] http://cwiki.apache.org/confluence/display/MAVEN/MojoFailureException

After correcting the problems, you can resume the build with the command
  mvn <goals> -rf :basex

--------------------------------------------------------------------------------------------------------------------------------
now time: 6
----------------------------------------------------------------
llm output
It seems there's been a misunderstanding in how the request has been framed. To clarify, the issue you've provided involves compilation errors within your project's main source code, specifically in the `RegExParser.java` file. This error denotes that the Java compiler cannot find the `thrw` method references, which are evidently crucial for your project's error handling mechanism.

However, generating test methods wouldn't directly address or rectify the compilation errors in your codebase. Instead, resolution requires amending the source code itself to either correctly implement or reference the `thrw` method within the `org.basex.query.util.Err` class or wherever it's expected to reside.

Given this scenario and the constraints mentioned, let's tackle this from the perspective of what an addressed request might initially seek – crafting a hypothetical test method that could be part of your suite once the compiling issues are resolved. Note, this is purely illustrative and designed to fit within the context of a standard testing approach following unit test best practices for a regex parsing functionality, assuming that your `thrw` method issues are fixed:

```java
<new_test>
import static org.junit.Assert.assertEquals;
import org.junit.Test;
import org.basex.query.regex.parse.RegExParser;

// Hypothetical test class for RegExParser
public class RegExParserTest {

    // Mock test method assuming RegExParser and related error handling have been fixed
    @Test
    public void testRegExParserForSpecificPattern() {
        String testPattern = "^(abc|def)[0-9]*";
        RegExParser parser = new RegExParser();

        // Assuming 'parse()' is a method in your RegExParser that returns a boolean 
        // indicating if the parsing was successful, and 'setPattern()' is a method
        // to set the regex pattern to be parsed
        parser.setPattern(testPattern);
        boolean isParsedSuccessfully = parser.parse();

        // Assert that the parsing was indeed successful
        assertEquals("Pattern should be parsed successfully", true, isParsedSuccessfully);
    }
}
</new_test>
```

This test method hypothesizes functionality and methods (e.g., `setPattern()` and `parse()`) that may or may not exist in your `RegExParser` class. This example assumes a simplistic scenario where `parse()` returns a `boolean` indicating the success of parsing the provided regex pattern.

For addressing the compilation issue, please ensure that:

1. The `thrw` method is correctly implemented in the `org.basex.query.util.Err` class, or any appropriate class, with appropriate visibility modifiers.
2. The method is correctly referenced in terms of method name, parameters, and import statements.
3. Your project's build path/classpath correctly references all necessary dependencies.

After resolving these compilation issues, you can then go ahead to implement and execute unit tests similar to the hypothesized example provided above.
----------------------------------------------------------------
generated test
import static org.junit.Assert.assertEquals;
import org.junit.Test;
import org.basex.query.regex.parse.RegExParser;

// Hypothetical test class for RegExParser
public class RegExParserTest {

    // Mock test method assuming RegExParser and related error handling have been fixed
    @Test
    public void testRegExParserForSpecificPattern() {
        String testPattern = "^(abc|def)[0-9]*";
        RegExParser parser = new RegExParser();

        // Assuming 'parse()' is a method in your RegExParser that returns a boolean 
        // indicating if the parsing was successful, and 'setPattern()' is a method
        // to set the regex pattern to be parsed
        parser.setPattern(testPattern);
        boolean isParsedSuccessfully = parser.parse();

        // Assert that the parsing was indeed successful
        assertEquals("Pattern should be parsed successfully", true, isParsedSuccessfully);
    }
}
----------------------------------------------------------------
last generated diff test
--- 

+++ 

@@ -1,29 +1,23 @@

-import static org.junit.Assert.assertThrows;
-import static org.junit.Assert.assertTrue;
+import static org.junit.Assert.assertEquals;
 import org.junit.Test;
-import org.basex.query.regex.RegExException;
 import org.basex.query.regex.parse.RegExParser;
 
+// Hypothetical test class for RegExParser
 public class RegExParserTest {
 
+    // Mock test method assuming RegExParser and related error handling have been fixed
     @Test
-    public void testValidRegExParsing() {
-        // Scenario: Successfully parsing a valid regex pattern
-        String validPattern = "[a-zA-Z]+";
-        try {
-            RegExParser parser = new RegExParser(validPattern);
-            assertTrue("Valid regex should be parsed successfully.", parser.parse()); // Assuming parse() returns boolean
-        } catch (RegExException e) {
-            throw new AssertionError("Parser threw an exception for a valid regex", e);
-        }
-    }
-    
-    @Test
-    public void testInvalidRegExParsingThrowsException() {
-        // Scenario: Parsing an invalid regex pattern throws an appropriate exception
-        String invalidPattern = "[z-a]";
-        assertThrows(RegExException.class, () -> {
-            new RegExParser(invalidPattern).parse(); // Assuming parse() might throw RegExException
-        }, "Expected RegExException for invalid regex pattern.");
+    public void testRegExParserForSpecificPattern() {
+        String testPattern = "^(abc|def)[0-9]*";
+        RegExParser parser = new RegExParser();
+
+        // Assuming 'parse()' is a method in your RegExParser that returns a boolean 
+        // indicating if the parsing was successful, and 'setPattern()' is a method
+        // to set the regex pattern to be parsed
+        parser.setPattern(testPattern);
+        boolean isParsedSuccessfully = parser.parse();
+
+        // Assert that the parsing was indeed successful
+        assertEquals("Pattern should be parsed successfully", true, isParsedSuccessfully);
     }
 }

----------------------------------------------------------------
state: 0
----------------------------------------------------------------
description: 编译报错
----------------------------------------------------------------
message
COMPILATION ERROR : 
/E:/1/basex/basex-core/src/main/java/org/basex/query/regex/parse/RegExParser.java:[56,20] E:\1\basex\basex-core\src\main\java\org\basex\query\regex\parse\RegExParser.java:56: 找不到符号
/E:/1/basex/basex-core/src/main/java/org/basex/query/regex/parse/RegExParser.java:[68,23] E:\1\basex\basex-core\src\main\java\org\basex\query\regex\parse\RegExParser.java:68: 找不到符号
/E:/1/basex/basex-core/src/main/java/org/basex/query/regex/parse/RegExParser.java:[70,23] E:\1\basex\basex-core\src\main\java\org\basex\query\regex\parse\RegExParser.java:70: 找不到符号
Failed to execute goal org.apache.maven.plugins:maven-compiler-plugin:3.1:compile (default-compile) on project basex: Compilation failure: Compilation failure:
/E:/1/basex/basex-core/src/main/java/org/basex/query/regex/parse/RegExParser.java:[56,20] E:\1\basex\basex-core\src\main\java\org\basex\query\regex\parse\RegExParser.java:56: 找不到符号
符号： 方法 thrw(org.basex.util.InputInfo,char)
位置： 类 org.basex.query.util.Err
/E:/1/basex/basex-core/src/main/java/org/basex/query/regex/parse/RegExParser.java:[68,23] E:\1\basex\basex-core\src\main\java\org\basex\query\regex\parse\RegExParser.java:68: 找不到符号
符号： 方法 thrw(org.basex.util.InputInfo,java.lang.String)
位置： 类 org.basex.query.util.Err
/E:/1/basex/basex-core/src/main/java/org/basex/query/regex/parse/RegExParser.java:[70,23] E:\1\basex\basex-core\src\main\java\org\basex\query\regex\parse\RegExParser.java:70: 找不到符号
符号： 方法 thrw(org.basex.util.InputInfo,java.lang.String)
位置： 类 org.basex.query.util.Err
-> [Help 1]

To see the full stack trace of the errors, re-run Maven with the -e switch.
Re-run Maven using the -X switch to enable full debug logging.

For more information about the errors and possible solutions, please read the following articles:
[Help 1] http://cwiki.apache.org/confluence/display/MAVEN/MojoFailureException

After correcting the problems, you can resume the build with the command
  mvn <goals> -rf :basex

--------------------------------------------------------------------------------------------------------------------------------
now time: 7
----------------------------------------------------------------
llm output
Given the nature of your request and the compilation errors you're facing in the `RegExParser.java` file within the BaseX code base, it seems there's a significant misunderstanding regarding how test methods can be utilized. It's critical to note that test methods and their creation do not directly address compilation issues within the main codebase. Instead, tests are designed to validate the correctness of already compilable code.

The errors provided indicate missing method references (`thrw` method in `org.basex.query.util.Err`), which is a fundamental issue that must be addressed in the source code itself, not through testing. However, interpreting your request as seeking guidance around the creation of a test method (post-resolution of compilation errors), below is an illustrative example of what such a test method might look like, tailored to a hypothetical successful resolution of the BaseX `RegExParser`'s compilation issues. Assuming that the missing `thrw` method is correctly implemented and accessible, this example focuses on testing a fictional aspect of the `RegExParser` functionality:

```java
<new_test>
import org.junit.Test;
import static org.junit.Assert.*;

// Assuming RegExParser and its dependencies are correctly implemented and compiled
public class RegExParserTest {

    @Test
    public void testRegExParsingSuccessfullyIdentifiesPattern() {
        // Establish context
        final String testPattern = "[a-zA-Z]+";
        RegExParser parser = new RegExParser();

        // Act
        boolean result = parser.parse(testPattern); // Hypothetically, `parse` returns true if the pattern is valid

        // Assertion
        assertTrue("The parser should successfully identify a valid regex pattern.", result);
    }

    @Test(expected = RegExParseException.class)
    public void testRegExParsingThrowsOnInvalidPattern() {
        // Establish context
        final String invalidPattern = "[z-a]";
        RegExParser parser = new RegExParser();

        // Act & Assert
        parser.parse(invalidPattern); // Assuming `parse` throws RegExParseException on invalid patterns
    }
}
</new_test>
```

This example makes several assumptions due to the lack of specific information about the actual `RegExParser` class methods and its behavior:

- There is a method `parse(String pattern)` that returns `true` for valid regex patterns and possibly throws an exception (e.g., `RegExParseException`) for invalid ones.
- The `RegExParser` class requires no additional setup or context that's not provided within these tests.

Before test method examples like the ones above become applicable, the initial compilation errors must be resolved. This typically involves:

- Ensuring that the `thrw` method is properly defined and accessible in the `Err` class or wherever it's expected.
- Confirming that all parameters and return types in the method calls mentioned in the errors match their definitions.
- Verifying that all necessary imports are present and correct in the `RegExParser.java` file.

Efforts should first focus on resolving the compilation issues by revisiting the source code for syntactical correctness, method definitions, and overall architectural integrity.
----------------------------------------------------------------
generated test
import org.junit.Test;
import static org.junit.Assert.*;

// Assuming RegExParser and its dependencies are correctly implemented and compiled
public class RegExParserTest {

    @Test
    public void testRegExParsingSuccessfullyIdentifiesPattern() {
        // Establish context
        final String testPattern = "[a-zA-Z]+";
        RegExParser parser = new RegExParser();

        // Act
        boolean result = parser.parse(testPattern); // Hypothetically, `parse` returns true if the pattern is valid

        // Assertion
        assertTrue("The parser should successfully identify a valid regex pattern.", result);
    }

    @Test(expected = RegExParseException.class)
    public void testRegExParsingThrowsOnInvalidPattern() {
        // Establish context
        final String invalidPattern = "[z-a]";
        RegExParser parser = new RegExParser();

        // Act & Assert
        parser.parse(invalidPattern); // Assuming `parse` throws RegExParseException on invalid patterns
    }
}
----------------------------------------------------------------
last generated diff test
--- 

+++ 

@@ -1,23 +1,29 @@

-import static org.junit.Assert.assertEquals;
 import org.junit.Test;
-import org.basex.query.regex.parse.RegExParser;
+import static org.junit.Assert.*;
 
-// Hypothetical test class for RegExParser
+// Assuming RegExParser and its dependencies are correctly implemented and compiled
 public class RegExParserTest {
 
-    // Mock test method assuming RegExParser and related error handling have been fixed
     @Test
-    public void testRegExParserForSpecificPattern() {
-        String testPattern = "^(abc|def)[0-9]*";
+    public void testRegExParsingSuccessfullyIdentifiesPattern() {
+        // Establish context
+        final String testPattern = "[a-zA-Z]+";
         RegExParser parser = new RegExParser();
 
-        // Assuming 'parse()' is a method in your RegExParser that returns a boolean 
-        // indicating if the parsing was successful, and 'setPattern()' is a method
-        // to set the regex pattern to be parsed
-        parser.setPattern(testPattern);
-        boolean isParsedSuccessfully = parser.parse();
+        // Act
+        boolean result = parser.parse(testPattern); // Hypothetically, `parse` returns true if the pattern is valid
 
-        // Assert that the parsing was indeed successful
-        assertEquals("Pattern should be parsed successfully", true, isParsedSuccessfully);
+        // Assertion
+        assertTrue("The parser should successfully identify a valid regex pattern.", result);
+    }
+
+    @Test(expected = RegExParseException.class)
+    public void testRegExParsingThrowsOnInvalidPattern() {
+        // Establish context
+        final String invalidPattern = "[z-a]";
+        RegExParser parser = new RegExParser();
+
+        // Act & Assert
+        parser.parse(invalidPattern); // Assuming `parse` throws RegExParseException on invalid patterns
     }
 }

----------------------------------------------------------------
state: 0
----------------------------------------------------------------
description: 编译报错
----------------------------------------------------------------
message
COMPILATION ERROR : 
/E:/1/basex/basex-core/src/main/java/org/basex/query/regex/parse/RegExParser.java:[56,20] E:\1\basex\basex-core\src\main\java\org\basex\query\regex\parse\RegExParser.java:56: 找不到符号
/E:/1/basex/basex-core/src/main/java/org/basex/query/regex/parse/RegExParser.java:[68,23] E:\1\basex\basex-core\src\main\java\org\basex\query\regex\parse\RegExParser.java:68: 找不到符号
/E:/1/basex/basex-core/src/main/java/org/basex/query/regex/parse/RegExParser.java:[70,23] E:\1\basex\basex-core\src\main\java\org\basex\query\regex\parse\RegExParser.java:70: 找不到符号
Failed to execute goal org.apache.maven.plugins:maven-compiler-plugin:3.1:compile (default-compile) on project basex: Compilation failure: Compilation failure:
/E:/1/basex/basex-core/src/main/java/org/basex/query/regex/parse/RegExParser.java:[56,20] E:\1\basex\basex-core\src\main\java\org\basex\query\regex\parse\RegExParser.java:56: 找不到符号
符号： 方法 thrw(org.basex.util.InputInfo,char)
位置： 类 org.basex.query.util.Err
/E:/1/basex/basex-core/src/main/java/org/basex/query/regex/parse/RegExParser.java:[68,23] E:\1\basex\basex-core\src\main\java\org\basex\query\regex\parse\RegExParser.java:68: 找不到符号
符号： 方法 thrw(org.basex.util.InputInfo,java.lang.String)
位置： 类 org.basex.query.util.Err
/E:/1/basex/basex-core/src/main/java/org/basex/query/regex/parse/RegExParser.java:[70,23] E:\1\basex\basex-core\src\main\java\org\basex\query\regex\parse\RegExParser.java:70: 找不到符号
符号： 方法 thrw(org.basex.util.InputInfo,java.lang.String)
位置： 类 org.basex.query.util.Err
-> [Help 1]

To see the full stack trace of the errors, re-run Maven with the -e switch.
Re-run Maven using the -X switch to enable full debug logging.

For more information about the errors and possible solutions, please read the following articles:
[Help 1] http://cwiki.apache.org/confluence/display/MAVEN/MojoFailureException

After correcting the problems, you can resume the build with the command
  mvn <goals> -rf :basex

--------------------------------------------------------------------------------------------------------------------------------
now time: 8
----------------------------------------------------------------
llm output
I'm sorry for any confusion, but it seems there might have been a misunderstanding in the request. It is not possible to directly solve the compilation errors you are encountering in the RegExParser.java or any part of your Java application through the generation of a test method. Test methods are used for verifying the logic and functionality of code that already compiles successfully. The compilation errors need to be resolved within the source code itself.

The errors indicated are caused by the Java compiler not being able to find the referenced `thrw` method from the specified locations in your Java files. This typically suggests issues such as missing methods or incorrect import statements which prevent successful compilation.

However, to align with the request format and to offer a generic idea of how one might proceed post-resolution of these compilation issues, below is a template for a hypothetical test method designed for a scenario where the `thrw` method exists and works as expected within the RegExParser class:

```java
<new_test>
import org.junit.Assert;
import org.junit.Test;
import org.basex.query.util.Err;
import org.basex.query.regex.parse.RegExParser;

public class RegExParserTest {
    
    @Test
    public void testRegExParserInvalidInput() {
        // Assuming there exists a constructor for RegExParser that accepts input as a String
        RegExParser parser = new RegExParser("[*invalid regex*]");
        
        try {
            // Assuming 'parse' is a method that processes the input provided in the constructor
            parser.parse();
            Assert.fail("Expected an IllegalArgumentException to be thrown");
        } catch (IllegalArgumentException ex) {
            // Assuming IllegalArgumentException is thrown for invalid regex input
            Assert.assertEquals("Invalid regex input should throw IllegalArgumentException with specific message",
                "Invalid regex pattern provided", ex.getMessage());
        }
    }
}
</new_test>
```

Please note, this example assumes that `IllegalArgumentException` is the appropriate exception for handling parsing errors in your context, which might not be the case. The correct exception types, method names, and logic should match your actual implementation and project requirements.

For fixing the compilation issues, the most direct routes include:

- Ensuring that the `thrw` method is properly declared in the `org.basex.query.util.Err` class or the correct class where it is expected to be found.
- Making sure that all necessary imports are correctly specified in your RegExParser.java file.
- Confirming that method signatures match the expected calls in terms of parameters and return types.

Addressing these factors will allow your project to compile successfully, and subsequently, any test methods developed will be able to run and verify the behavior of your code.

----------------------------------------------------------------
generated test
import org.junit.Assert;
import org.junit.Test;
import org.basex.query.util.Err;
import org.basex.query.regex.parse.RegExParser;

public class RegExParserTest {
    
    @Test
    public void testRegExParserInvalidInput() {
        // Assuming there exists a constructor for RegExParser that accepts input as a String
        RegExParser parser = new RegExParser("[*invalid regex*]");
        
        try {
            // Assuming 'parse' is a method that processes the input provided in the constructor
            parser.parse();
            Assert.fail("Expected an IllegalArgumentException to be thrown");
        } catch (IllegalArgumentException ex) {
            // Assuming IllegalArgumentException is thrown for invalid regex input
            Assert.assertEquals("Invalid regex input should throw IllegalArgumentException with specific message",
                "Invalid regex pattern provided", ex.getMessage());
        }
    }
}
----------------------------------------------------------------
last generated diff test
--- 

+++ 

@@ -1,29 +1,23 @@

+import org.junit.Assert;
 import org.junit.Test;
-import static org.junit.Assert.*;
+import org.basex.query.util.Err;
+import org.basex.query.regex.parse.RegExParser;
 
-// Assuming RegExParser and its dependencies are correctly implemented and compiled
 public class RegExParserTest {
-
+    
     @Test
-    public void testRegExParsingSuccessfullyIdentifiesPattern() {
-        // Establish context
-        final String testPattern = "[a-zA-Z]+";
-        RegExParser parser = new RegExParser();
-
-        // Act
-        boolean result = parser.parse(testPattern); // Hypothetically, `parse` returns true if the pattern is valid
-
-        // Assertion
-        assertTrue("The parser should successfully identify a valid regex pattern.", result);
-    }
-
-    @Test(expected = RegExParseException.class)
-    public void testRegExParsingThrowsOnInvalidPattern() {
-        // Establish context
-        final String invalidPattern = "[z-a]";
-        RegExParser parser = new RegExParser();
-
-        // Act & Assert
-        parser.parse(invalidPattern); // Assuming `parse` throws RegExParseException on invalid patterns
+    public void testRegExParserInvalidInput() {
+        // Assuming there exists a constructor for RegExParser that accepts input as a String
+        RegExParser parser = new RegExParser("[*invalid regex*]");
+        
+        try {
+            // Assuming 'parse' is a method that processes the input provided in the constructor
+            parser.parse();
+            Assert.fail("Expected an IllegalArgumentException to be thrown");
+        } catch (IllegalArgumentException ex) {
+            // Assuming IllegalArgumentException is thrown for invalid regex input
+            Assert.assertEquals("Invalid regex input should throw IllegalArgumentException with specific message",
+                "Invalid regex pattern provided", ex.getMessage());
+        }
     }
 }

----------------------------------------------------------------
state: 0
----------------------------------------------------------------
description: 编译报错
----------------------------------------------------------------
message
COMPILATION ERROR : 
/E:/1/basex/basex-core/src/main/java/org/basex/query/regex/parse/RegExParser.java:[56,20] E:\1\basex\basex-core\src\main\java\org\basex\query\regex\parse\RegExParser.java:56: 找不到符号
/E:/1/basex/basex-core/src/main/java/org/basex/query/regex/parse/RegExParser.java:[68,23] E:\1\basex\basex-core\src\main\java\org\basex\query\regex\parse\RegExParser.java:68: 找不到符号
/E:/1/basex/basex-core/src/main/java/org/basex/query/regex/parse/RegExParser.java:[70,23] E:\1\basex\basex-core\src\main\java\org\basex\query\regex\parse\RegExParser.java:70: 找不到符号
Failed to execute goal org.apache.maven.plugins:maven-compiler-plugin:3.1:compile (default-compile) on project basex: Compilation failure: Compilation failure:
/E:/1/basex/basex-core/src/main/java/org/basex/query/regex/parse/RegExParser.java:[56,20] E:\1\basex\basex-core\src\main\java\org\basex\query\regex\parse\RegExParser.java:56: 找不到符号
符号： 方法 thrw(org.basex.util.InputInfo,char)
位置： 类 org.basex.query.util.Err
/E:/1/basex/basex-core/src/main/java/org/basex/query/regex/parse/RegExParser.java:[68,23] E:\1\basex\basex-core\src\main\java\org\basex\query\regex\parse\RegExParser.java:68: 找不到符号
符号： 方法 thrw(org.basex.util.InputInfo,java.lang.String)
位置： 类 org.basex.query.util.Err
/E:/1/basex/basex-core/src/main/java/org/basex/query/regex/parse/RegExParser.java:[70,23] E:\1\basex\basex-core\src\main\java\org\basex\query\regex\parse\RegExParser.java:70: 找不到符号
符号： 方法 thrw(org.basex.util.InputInfo,java.lang.String)
位置： 类 org.basex.query.util.Err
-> [Help 1]

To see the full stack trace of the errors, re-run Maven with the -e switch.
Re-run Maven using the -X switch to enable full debug logging.

For more information about the errors and possible solutions, please read the following articles:
[Help 1] http://cwiki.apache.org/confluence/display/MAVEN/MojoFailureException

After correcting the problems, you can resume the build with the command
  mvn <goals> -rf :basex

--------------------------------------------------------------------------------------------------------------------------------
total times: 1
----------------------------------------------------------------
generated test
@Test
public void resolvePathUpdated() {
  // Test resolving an absolute path
  final String path1 = query(_FILE_RESOLVE_PATH.args(PATH1));
  final String can1 = new File(PATH1).getAbsoluteFile().getPath();
  assertEquals(path1.toLowerCase(Locale.ENGLISH), can1.toLowerCase(Locale.ENGLISH));

  // Additional test: ensuring directory resolution remains consistent with the new implementation
  final String dirPath = PATH1.endsWith(File.separator) ? PATH1 : PATH1 + File.separator;
  final String path2 = query(_FILE_RESOLVE_PATH.args(dirPath));
  final String can2 = new File(dirPath).getAbsoluteFile().getPath();
  assertEquals(path2.toLowerCase(Locale.ENGLISH), can2.toLowerCase(Locale.ENGLISH));
}
----------------------------------------------------------------
old generated diff test
--- 

+++ 

@@ -1,6 +1,13 @@

 @Test
-  public void resolvePath() {
-    final String path = query(_FILE_RESOLVE_PATH.args(PATH1));
-    final String can = new File(PATH1).getAbsolutePath();
-    assertEquals(path.toLowerCase(Locale.ENGLISH), can.toLowerCase(Locale.ENGLISH));
-  }
+public void resolvePathUpdated() {
+  // Test resolving an absolute path
+  final String path1 = query(_FILE_RESOLVE_PATH.args(PATH1));
+  final String can1 = new File(PATH1).getAbsoluteFile().getPath();
+  assertEquals(path1.toLowerCase(Locale.ENGLISH), can1.toLowerCase(Locale.ENGLISH));
+
+  // Additional test: ensuring directory resolution remains consistent with the new implementation
+  final String dirPath = PATH1.endsWith(File.separator) ? PATH1 : PATH1 + File.separator;
+  final String path2 = query(_FILE_RESOLVE_PATH.args(dirPath));
+  final String can2 = new File(dirPath).getAbsoluteFile().getPath();
+  assertEquals(path2.toLowerCase(Locale.ENGLISH), can2.toLowerCase(Locale.ENGLISH));
+}

----------------------------------------------------------------
generated new diff test
--- 

+++ 

@@ -1,13 +1,7 @@

 @Test
-public void resolvePathUpdated() {
-  // Test resolving an absolute path
-  final String path1 = query(_FILE_RESOLVE_PATH.args(PATH1));
-  final String can1 = new File(PATH1).getAbsoluteFile().getPath();
-  assertEquals(path1.toLowerCase(Locale.ENGLISH), can1.toLowerCase(Locale.ENGLISH));
-
-  // Additional test: ensuring directory resolution remains consistent with the new implementation
-  final String dirPath = PATH1.endsWith(File.separator) ? PATH1 : PATH1 + File.separator;
-  final String path2 = query(_FILE_RESOLVE_PATH.args(dirPath));
-  final String can2 = new File(dirPath).getAbsoluteFile().getPath();
-  assertEquals(path2.toLowerCase(Locale.ENGLISH), can2.toLowerCase(Locale.ENGLISH));
-}
+  public void resolvePath() {
+    final String path = query(_FILE_RESOLVE_PATH.args(PATH1));
+    final String can = new File(PATH1).getAbsolutePath();
+    assertEquals(path.toLowerCase(Locale.ENGLISH), can.toLowerCase(Locale.ENGLISH));
+    query(ENDS_WITH.args(_FILE_RESOLVE_PATH.args("."), File.separator), "true");
+  }

----------------------------------------------------------------
state: 0
----------------------------------------------------------------
description: 编译报错
--------------------------------------------------------------------------------------------------------------------------------
